0 info it worked if it ends with ok
1 verbose cli [ 'C:\\Program Files (x86)\\nodejs\\node.exe',
1 verbose cli   'C:\\Users\\Bodo Wetzel\\AppData\\Roaming\\npm\\node_modules\\npm\\bin\\npm-cli.js',
1 verbose cli   'start' ]
2 info using npm@3.10.8
3 info using node@v6.9.1
4 verbose run-script [ 'prestart', 'start', 'poststart' ]
5 info lifecycle Ximbrasoft@1.0.0~prestart: Ximbrasoft@1.0.0
6 silly lifecycle Ximbrasoft@1.0.0~prestart: no script for prestart, continuing
7 info lifecycle Ximbrasoft@1.0.0~start: Ximbrasoft@1.0.0
8 verbose lifecycle Ximbrasoft@1.0.0~start: unsafe-perm in lifecycle true
9 verbose lifecycle Ximbrasoft@1.0.0~start: PATH: C:\Users\Bodo Wetzel\AppData\Roaming\npm\node_modules\npm\bin\node-gyp-bin;C:\Daten\iota\angular\quickstart\node_modules\.bin;C:\Users\Bodo Wetzel\AppData\Roaming\npm;C:\Program Files (x86)\nodejs\;C:\ProgramData\Oracle\Java\javapath;C:\Program Files (x86)\Intel\iCLS Client\;C:\Program Files\Intel\iCLS Client\;C:\Windows\system32;C:\Windows;C:\Windows\System32\Wbem;C:\Windows\System32\WindowsPowerShell\v1.0\;C:\Program Files (x86)\Windows Live\Shared;C:\Program Files\Intel\Intel(R) Management Engine Components\DAL;C:\Program Files\Intel\Intel(R) Management Engine Components\IPT;C:\Program Files (x86)\Intel\Intel(R) Management Engine Components\DAL;C:\Program Files (x86)\Intel\Intel(R) Management Engine Components\IPT;C:\Program Files\Hewlett-Packard\SimplePass\;c:\Program Files\Intel\WiFi\bin\;c:\Program Files\Common Files\Intel\WirelessCommon\;C:\Program Files (x86)\NVIDIA Corporation\PhysX\Common;C:\Program Files (x86)\Skype\Phone\;C:\WINDOWS\system32;C:\WINDOWS;C:\WINDOWS\System32\Wbem;C:\WINDOWS\System32\WindowsPowerShell\v1.0\;c:\android-sdk-win;c:\android-sdk-win\tools;c:\android-sdk-win\platform-tools;C:\Program Files\Git\cmd;C:\Program Files (x86)\nodejs\;C:\Program Files (x86)\Java\jdk1.7.0_40\bin;c:\Program Files\Intel\WiFi\bin\;c:\Program Files\Common Files\Intel\WirelessCommon\;C:\Program Files (x86)\Microsoft VS Code\bin;C:\Users\Bodo Wetzel\AppData\Local\Microsoft\WindowsApps;C:\Users\Bodo Wetzel\AppData\Roaming\npm
10 verbose lifecycle Ximbrasoft@1.0.0~start: CWD: C:\Daten\iota\angular\quickstart
11 silly lifecycle Ximbrasoft@1.0.0~start: Args: [ '/d /s /c', 'tsc && concurrently "tsc -w" "lite-server" ' ]
12 silly lifecycle Ximbrasoft@1.0.0~start: Returned: code: 3221225786  signal: null
13 info lifecycle Ximbrasoft@1.0.0~start: Failed to exec start script
14 verbose stack Error: Ximbrasoft@1.0.0 start: `tsc && concurrently "tsc -w" "lite-server" `
14 verbose stack Exit status 3221225786
14 verbose stack     at EventEmitter.<anonymous> (C:\Users\Bodo Wetzel\AppData\Roaming\npm\node_modules\npm\lib\utils\lifecycle.js:255:16)
14 verbose stack     at emitTwo (events.js:106:13)
14 verbose stack     at EventEmitter.emit (events.js:191:7)
14 verbose stack     at ChildProcess.<anonymous> (C:\Users\Bodo Wetzel\AppData\Roaming\npm\node_modules\npm\lib\utils\spawn.js:40:14)
14 verbose stack     at emitTwo (events.js:106:13)
14 verbose stack     at ChildProcess.emit (events.js:191:7)
14 verbose stack     at maybeClose (internal/child_process.js:877:16)
14 verbose stack     at Process.ChildProcess._handle.onexit (internal/child_process.js:226:5)
15 verbose pkgid Ximbrasoft@1.0.0
16 verbose cwd C:\Daten\iota\angular\quickstart
17 error Windows_NT 10.0.14393
18 error argv "C:\\Program Files (x86)\\nodejs\\node.exe" "C:\\Users\\Bodo Wetzel\\AppData\\Roaming\\npm\\node_modules\\npm\\bin\\npm-cli.js" "start"
19 error node v6.9.1
20 error npm  v3.10.8
21 error code ELIFECYCLE
22 error Ximbrasoft@1.0.0 start: `tsc && concurrently "tsc -w" "lite-server" `
22 error Exit status 3221225786
23 error Failed at the Ximbrasoft@1.0.0 start script 'tsc && concurrently "tsc -w" "lite-server" '.
23 error Make sure you have the latest version of node.js and npm installed.
23 error If you do, this is most likely a problem with the Ximbrasoft package,
23 error not with npm itself.
23 error Tell the author that this fails on your system:
23 error     tsc && concurrently "tsc -w" "lite-server"
23 error You can get information on how to open an issue for this project with:
23 error     npm bugs Ximbrasoft
23 error Or if that isn't available, you can get their info via:
23 error     npm owner ls Ximbrasoft
23 error There is likely additional logging output above.
24 verbose exit [ 1, true ]
